<?xml version="1.0" encoding="UTF-8"?>
<coverage generated="1495914709466" clover="3.2.0">
  <project timestamp="1495914709466" name="All files">
    <metrics statements="32" coveredstatements="10" conditionals="0" coveredconditionals="0" methods="13" coveredmethods="3" elements="45" coveredelements="13" complexity="0" loc="32" ncloc="32" packages="1" files="1" classes="1">
      <file name="Articles.js" path="/Users/winnie/Documents/NewsAPI/src/components/Articles.js">
        <metrics statements="32" coveredstatements="10" conditionals="0" coveredconditionals="0" methods="13" coveredmethods="3"/>
        <line num="6" count="2" type="stmt"/>
        <line num="7" count="2" type="stmt"/>
        <line num="11" count="2" type="stmt"/>
        <line num="12" count="2" type="stmt"/>
        <line num="13" count="2" type="stmt"/>
        <line num="14" count="2" type="stmt"/>
        <line num="22" count="1" type="stmt"/>
        <line num="26" count="0" type="stmt"/>
        <line num="30" count="0" type="stmt"/>
        <line num="31" count="0" type="stmt"/>
        <line num="32" count="0" type="stmt"/>
        <line num="33" count="0" type="stmt"/>
        <line num="36" count="0" type="stmt"/>
        <line num="41" count="0" type="stmt"/>
        <line num="42" count="0" type="stmt"/>
        <line num="43" count="0" type="stmt"/>
        <line num="44" count="0" type="stmt"/>
        <line num="47" count="0" type="stmt"/>
        <line num="52" count="0" type="stmt"/>
        <line num="53" count="0" type="stmt"/>
        <line num="54" count="0" type="stmt"/>
        <line num="55" count="0" type="stmt"/>
        <line num="58" count="0" type="stmt"/>
        <line num="63" count="0" type="stmt"/>
        <line num="64" count="0" type="stmt"/>
        <line num="65" count="0" type="stmt"/>
        <line num="66" count="0" type="stmt"/>
        <line num="69" count="0" type="stmt"/>
        <line num="75" count="2" type="stmt"/>
        <line num="76" count="2" type="stmt"/>
        <line num="79" count="0" type="stmt"/>
        <line num="97" count="1" type="stmt"/>
      </file>
    </metrics>
  </project>
</coverage>
