<?xml version="1.0" encoding="UTF-8"?>
<coverage generated="1496619003641" clover="3.2.0">
  <project timestamp="1496619003641" name="All files">
    <metrics statements="29" coveredstatements="22" conditionals="8" coveredconditionals="5" methods="12" coveredmethods="10" elements="49" coveredelements="37" complexity="0" loc="29" ncloc="29" packages="1" files="4" classes="4">
      <file name="Articles.js" path="/Users/winnie/Documents/NewsAPI/src/components/Articles.js">
        <metrics statements="25" coveredstatements="18" conditionals="8" coveredconditionals="5" methods="9" coveredmethods="7"/>
        <line num="6" count="3" type="stmt"/>
        <line num="7" count="3" type="stmt"/>
        <line num="13" count="3" type="stmt"/>
        <line num="14" count="3" type="stmt"/>
        <line num="23" count="2" type="cond" truecount="1" falsecount="1"/>
        <line num="24" count="2" type="stmt"/>
        <line num="26" count="0" type="stmt"/>
        <line num="28" count="2" type="stmt"/>
        <line num="32" count="1" type="stmt"/>
        <line num="36" count="3" type="stmt"/>
        <line num="37" count="3" type="stmt"/>
        <line num="38" count="3" type="stmt"/>
        <line num="39" count="3" type="stmt"/>
        <line num="40" count="3" type="stmt"/>
        <line num="43" count="0" type="stmt"/>
        <line num="47" count="0" type="stmt"/>
        <line num="48" count="0" type="stmt"/>
        <line num="49" count="0" type="stmt"/>
        <line num="50" count="0" type="stmt"/>
        <line num="51" count="0" type="stmt"/>
        <line num="55" count="7" type="stmt"/>
        <line num="57" count="7" type="stmt"/>
        <line num="62" count="4" type="stmt"/>
        <line num="70" count="2" type="stmt"/>
        <line num="88" count="1" type="stmt"/>
      </file>
      <file name="Footer.js" path="/Users/winnie/Documents/NewsAPI/src/components/Footer.js">
        <metrics statements="2" coveredstatements="2" conditionals="0" coveredconditionals="0" methods="1" coveredmethods="1"/>
        <line num="3" count="1" type="stmt"/>
        <line num="4" count="1" type="stmt"/>
      </file>
      <file name="Header.js" path="/Users/winnie/Documents/NewsAPI/src/components/Header.js">
        <metrics statements="1" coveredstatements="1" conditionals="0" coveredconditionals="0" methods="1" coveredmethods="1"/>
        <line num="5" count="1" type="stmt"/>
      </file>
      <file name="Login.js" path="/Users/winnie/Documents/NewsAPI/src/components/Login.js">
        <metrics statements="1" coveredstatements="1" conditionals="0" coveredconditionals="0" methods="1" coveredmethods="1"/>
        <line num="6" count="1" type="stmt"/>
      </file>
    </metrics>
  </project>
</coverage>
