{"/Users/winnie/Documents/NewsAPI/src/components/App.js": {"path":"/Users/winnie/Documents/NewsAPI/src/components/App.js","statementMap":{"0":{"start":{"line":10,"column":4},"end":{"line":10,"column":17}},"1":{"start":{"line":11,"column":4},"end":{"line":14,"column":6}},"2":{"start":{"line":15,"column":4},"end":{"line":15,"column":49}},"3":{"start":{"line":18,"column":4},"end":{"line":18,"column":22}},"4":{"start":{"line":27,"column":19},"end":{"line":27,"column":53}},"5":{"start":{"line":28,"column":19},"end":{"line":28,"column":58}},"6":{"start":{"line":29,"column":16},"end":{"line":29,"column":31}},"7":{"start":{"line":30,"column":4},"end":{"line":35,"column":9}},"8":{"start":{"line":33,"column":8},"end":{"line":33,"column":40}},"9":{"start":{"line":34,"column":8},"end":{"line":34,"column":58}},"10":{"start":{"line":39,"column":4},"end":{"line":46,"column":6}},"11":{"start":{"line":49,"column":0},"end":{"line":51,"column":2}}},"fnMap":{"0":{"name":"(anonymous_0)","decl":{"start":{"line":9,"column":2},"end":{"line":9,"column":3}},"loc":{"start":{"line":9,"column":21},"end":{"line":16,"column":3}},"line":9},"1":{"name":"(anonymous_1)","decl":{"start":{"line":17,"column":2},"end":{"line":17,"column":3}},"loc":{"start":{"line":17,"column":22},"end":{"line":19,"column":3}},"line":17},"2":{"name":"(anonymous_2)","decl":{"start":{"line":26,"column":2},"end":{"line":26,"column":3}},"loc":{"start":{"line":26,"column":23},"end":{"line":36,"column":3}},"line":26},"3":{"name":"(anonymous_3)","decl":{"start":{"line":32,"column":12},"end":{"line":32,"column":13}},"loc":{"start":{"line":32,"column":26},"end":{"line":35,"column":7}},"line":32},"4":{"name":"(anonymous_4)","decl":{"start":{"line":38,"column":2},"end":{"line":38,"column":3}},"loc":{"start":{"line":38,"column":11},"end":{"line":47,"column":3}},"line":38}},"branchMap":{},"s":{"0":2,"1":2,"2":2,"3":0,"4":1,"5":1,"6":1,"7":1,"8":0,"9":0,"10":1,"11":1},"f":{"0":2,"1":0,"2":1,"3":0,"4":1},"b":{},"_coverageSchema":"332fd63041d2c1bcb487cc26dd0d5f7d97098a6c","hash":"3996037705cf18e1aaeab4e4d49c72c01c788bcc"}
,"/Users/winnie/Documents/NewsAPI/src/components/Articles.js": {"path":"/Users/winnie/Documents/NewsAPI/src/components/Articles.js","statementMap":{"0":{"start":{"line":6,"column":4},"end":{"line":6,"column":17}},"1":{"start":{"line":7,"column":4},"end":{"line":10,"column":6}},"2":{"start":{"line":11,"column":4},"end":{"line":11,"column":57}},"3":{"start":{"line":19,"column":4},"end":{"line":19,"column":95}},"4":{"start":{"line":23,"column":4},"end":{"line":23,"column":94}},"5":{"start":{"line":27,"column":15},"end":{"line":27,"column":23}},"6":{"start":{"line":28,"column":19},"end":{"line":28,"column":53}},"7":{"start":{"line":29,"column":21},"end":{"line":29,"column":75}},"8":{"start":{"line":30,"column":4},"end":{"line":34,"column":9}},"9":{"start":{"line":33,"column":8},"end":{"line":33,"column":60}},"10":{"start":{"line":39,"column":21},"end":{"line":39,"column":40}},"11":{"start":{"line":41,"column":4},"end":{"line":62,"column":6}},"12":{"start":{"line":47,"column":10},"end":{"line":59,"column":16}},"13":{"start":{"line":65,"column":0},"end":{"line":67,"column":2}}},"fnMap":{"0":{"name":"(anonymous_0)","decl":{"start":{"line":5,"column":2},"end":{"line":5,"column":3}},"loc":{"start":{"line":5,"column":21},"end":{"line":12,"column":3}},"line":5},"1":{"name":"(anonymous_1)","decl":{"start":{"line":18,"column":2},"end":{"line":18,"column":3}},"loc":{"start":{"line":18,"column":22},"end":{"line":20,"column":3}},"line":18},"2":{"name":"(anonymous_2)","decl":{"start":{"line":22,"column":2},"end":{"line":22,"column":3}},"loc":{"start":{"line":22,"column":39},"end":{"line":24,"column":3}},"line":22},"3":{"name":"(anonymous_3)","decl":{"start":{"line":26,"column":2},"end":{"line":26,"column":3}},"loc":{"start":{"line":26,"column":40},"end":{"line":35,"column":3}},"line":26},"4":{"name":"(anonymous_4)","decl":{"start":{"line":32,"column":12},"end":{"line":32,"column":13}},"loc":{"start":{"line":32,"column":26},"end":{"line":34,"column":7}},"line":32},"5":{"name":"(anonymous_5)","decl":{"start":{"line":38,"column":2},"end":{"line":38,"column":3}},"loc":{"start":{"line":38,"column":11},"end":{"line":63,"column":3}},"line":38},"6":{"name":"(anonymous_6)","decl":{"start":{"line":46,"column":22},"end":{"line":46,"column":23}},"loc":{"start":{"line":47,"column":10},"end":{"line":59,"column":16}},"line":47}},"branchMap":{"0":{"loc":{"start":{"line":43,"column":9},"end":{"line":43,"column":67}},"type":"binary-expr","locations":[{"start":{"line":43,"column":9},"end":{"line":43,"column":43}},{"start":{"line":43,"column":47},"end":{"line":43,"column":67}}],"line":43},"1":{"loc":{"start":{"line":44,"column":9},"end":{"line":44,"column":75}},"type":"binary-expr","locations":[{"start":{"line":44,"column":9},"end":{"line":44,"column":47}},{"start":{"line":44,"column":51},"end":{"line":44,"column":75}}],"line":44},"2":{"loc":{"start":{"line":45,"column":9},"end":{"line":45,"column":73}},"type":"binary-expr","locations":[{"start":{"line":45,"column":9},"end":{"line":45,"column":46}},{"start":{"line":45,"column":50},"end":{"line":45,"column":73}}],"line":45}},"s":{"0":3,"1":3,"2":3,"3":2,"4":1,"5":3,"6":3,"7":3,"8":3,"9":0,"10":5,"11":5,"12":2,"13":1},"f":{"0":3,"1":2,"2":1,"3":3,"4":0,"5":5,"6":2},"b":{"0":[5,5],"1":[5,0],"2":[5,0]},"_coverageSchema":"332fd63041d2c1bcb487cc26dd0d5f7d97098a6c","hash":"3ac4e505a1cfb72ad47e45856f5414bc7f1aa443"}
,"/Users/winnie/Documents/NewsAPI/src/components/Footer.js": {"path":"/Users/winnie/Documents/NewsAPI/src/components/Footer.js","statementMap":{"0":{"start":{"line":3,"column":15},"end":{"line":7,"column":1}},"1":{"start":{"line":4,"column":2},"end":{"line":6,"column":12}}},"fnMap":{"0":{"name":"(anonymous_0)","decl":{"start":{"line":3,"column":15},"end":{"line":3,"column":16}},"loc":{"start":{"line":4,"column":2},"end":{"line":6,"column":12}},"line":4}},"branchMap":{},"s":{"0":2,"1":1},"f":{"0":1},"b":{},"_coverageSchema":"332fd63041d2c1bcb487cc26dd0d5f7d97098a6c","hash":"1f79a4f91442c0ace2d04ad56fe32bc13bf5ae6a"}
,"/Users/winnie/Documents/NewsAPI/src/components/Header.js": {"path":"/Users/winnie/Documents/NewsAPI/src/components/Header.js","statementMap":{"0":{"start":{"line":5,"column":4},"end":{"line":9,"column":6}}},"fnMap":{"0":{"name":"(anonymous_0)","decl":{"start":{"line":4,"column":2},"end":{"line":4,"column":3}},"loc":{"start":{"line":4,"column":11},"end":{"line":10,"column":3}},"line":4}},"branchMap":{},"s":{"0":1},"f":{"0":1},"b":{},"_coverageSchema":"332fd63041d2c1bcb487cc26dd0d5f7d97098a6c","hash":"a2d85f7c646a23d889e85f08e6006be52fa92de6"}
,"/Users/winnie/Documents/NewsAPI/src/components/Login.js": {"path":"/Users/winnie/Documents/NewsAPI/src/components/Login.js","statementMap":{"0":{"start":{"line":6,"column":4},"end":{"line":16,"column":6}}},"fnMap":{"0":{"name":"(anonymous_0)","decl":{"start":{"line":5,"column":2},"end":{"line":5,"column":3}},"loc":{"start":{"line":5,"column":11},"end":{"line":17,"column":3}},"line":5}},"branchMap":{},"s":{"0":1},"f":{"0":1},"b":{},"_coverageSchema":"332fd63041d2c1bcb487cc26dd0d5f7d97098a6c","hash":"1939faaef927d18284cebc26fcd6779a697c6768"}
,"/Users/winnie/Documents/NewsAPI/src/components/NavBar.js": {"path":"/Users/winnie/Documents/NewsAPI/src/components/NavBar.js","statementMap":{"0":{"start":{"line":6,"column":17},"end":{"line":6,"column":19}},"1":{"start":{"line":10,"column":4},"end":{"line":10,"column":17}},"2":{"start":{"line":11,"column":4},"end":{"line":13,"column":6}},"3":{"start":{"line":14,"column":4},"end":{"line":14,"column":65}},"4":{"start":{"line":15,"column":4},"end":{"line":15,"column":65}},"5":{"start":{"line":16,"column":4},"end":{"line":16,"column":55}},"6":{"start":{"line":24,"column":20},"end":{"line":24,"column":22}},"7":{"start":{"line":25,"column":4},"end":{"line":29,"column":5}},"8":{"start":{"line":26,"column":6},"end":{"line":28,"column":7}},"9":{"start":{"line":27,"column":8},"end":{"line":27,"column":42}},"10":{"start":{"line":30,"column":4},"end":{"line":30,"column":19}},"11":{"start":{"line":39,"column":4},"end":{"line":44,"column":5}},"12":{"start":{"line":40,"column":6},"end":{"line":43,"column":7}},"13":{"start":{"line":41,"column":31},"end":{"line":41,"column":50}},"14":{"start":{"line":42,"column":8},"end":{"line":42,"column":49}},"15":{"start":{"line":45,"column":4},"end":{"line":45,"column":19}},"16":{"start":{"line":53,"column":18},"end":{"line":53,"column":20}},"17":{"start":{"line":54,"column":4},"end":{"line":60,"column":7}},"18":{"start":{"line":55,"column":6},"end":{"line":59,"column":9}},"19":{"start":{"line":56,"column":8},"end":{"line":58,"column":9}},"20":{"start":{"line":57,"column":10},"end":{"line":57,"column":90}},"21":{"start":{"line":61,"column":4},"end":{"line":61,"column":42}},"22":{"start":{"line":62,"column":4},"end":{"line":62,"column":17}},"23":{"start":{"line":70,"column":4},"end":{"line":70,"column":20}},"24":{"start":{"line":71,"column":20},"end":{"line":71,"column":38}},"25":{"start":{"line":72,"column":24},"end":{"line":72,"column":56}},"26":{"start":{"line":73,"column":22},"end":{"line":73,"column":67}},"27":{"start":{"line":74,"column":27},"end":{"line":74,"column":49}},"28":{"start":{"line":75,"column":19},"end":{"line":75,"column":60}},"29":{"start":{"line":75,"column":45},"end":{"line":75,"column":59}},"30":{"start":{"line":76,"column":4},"end":{"line":91,"column":6}},"31":{"start":{"line":79,"column":10},"end":{"line":86,"column":16}},"32":{"start":{"line":83,"column":16},"end":{"line":83,"column":102}},"33":{"start":{"line":94,"column":0},"end":{"line":96,"column":2}}},"fnMap":{"0":{"name":"(anonymous_0)","decl":{"start":{"line":9,"column":2},"end":{"line":9,"column":3}},"loc":{"start":{"line":9,"column":21},"end":{"line":17,"column":3}},"line":9},"1":{"name":"(anonymous_1)","decl":{"start":{"line":23,"column":2},"end":{"line":23,"column":3}},"loc":{"start":{"line":23,"column":30},"end":{"line":31,"column":3}},"line":23},"2":{"name":"(anonymous_2)","decl":{"start":{"line":38,"column":2},"end":{"line":38,"column":3}},"loc":{"start":{"line":38,"column":39},"end":{"line":46,"column":3}},"line":38},"3":{"name":"(anonymous_3)","decl":{"start":{"line":52,"column":2},"end":{"line":52,"column":3}},"loc":{"start":{"line":52,"column":38},"end":{"line":63,"column":3}},"line":52},"4":{"name":"(anonymous_4)","decl":{"start":{"line":54,"column":15},"end":{"line":54,"column":16}},"loc":{"start":{"line":54,"column":26},"end":{"line":60,"column":5}},"line":54},"5":{"name":"(anonymous_5)","decl":{"start":{"line":55,"column":16},"end":{"line":55,"column":17}},"loc":{"start":{"line":55,"column":26},"end":{"line":59,"column":7}},"line":55},"6":{"name":"(anonymous_6)","decl":{"start":{"line":69,"column":2},"end":{"line":69,"column":3}},"loc":{"start":{"line":69,"column":11},"end":{"line":92,"column":3}},"line":69},"7":{"name":"(anonymous_7)","decl":{"start":{"line":75,"column":38},"end":{"line":75,"column":39}},"loc":{"start":{"line":75,"column":45},"end":{"line":75,"column":59}},"line":75},"8":{"name":"(anonymous_8)","decl":{"start":{"line":78,"column":28},"end":{"line":78,"column":29}},"loc":{"start":{"line":79,"column":10},"end":{"line":86,"column":16}},"line":79},"9":{"name":"(anonymous_9)","decl":{"start":{"line":82,"column":60},"end":{"line":82,"column":61}},"loc":{"start":{"line":83,"column":16},"end":{"line":83,"column":102}},"line":83}},"branchMap":{"0":{"loc":{"start":{"line":26,"column":6},"end":{"line":28,"column":7}},"type":"if","locations":[{"start":{"line":26,"column":6},"end":{"line":28,"column":7}},{"start":{"line":26,"column":6},"end":{"line":28,"column":7}}],"line":26},"1":{"loc":{"start":{"line":40,"column":6},"end":{"line":43,"column":7}},"type":"if","locations":[{"start":{"line":40,"column":6},"end":{"line":43,"column":7}},{"start":{"line":40,"column":6},"end":{"line":43,"column":7}}],"line":40},"2":{"loc":{"start":{"line":56,"column":8},"end":{"line":58,"column":9}},"type":"if","locations":[{"start":{"line":56,"column":8},"end":{"line":58,"column":9}},{"start":{"line":56,"column":8},"end":{"line":58,"column":9}}],"line":56}},"s":{"0":2,"1":1,"2":1,"3":1,"4":1,"5":1,"6":1,"7":1,"8":0,"9":0,"10":1,"11":1,"12":0,"13":0,"14":0,"15":1,"16":0,"17":0,"18":0,"19":0,"20":0,"21":0,"22":0,"23":1,"24":1,"25":1,"26":1,"27":1,"28":1,"29":0,"30":1,"31":0,"32":0,"33":2},"f":{"0":1,"1":1,"2":1,"3":0,"4":0,"5":0,"6":1,"7":0,"8":0,"9":0},"b":{"0":[0,0],"1":[0,0],"2":[0,0]},"_coverageSchema":"332fd63041d2c1bcb487cc26dd0d5f7d97098a6c","hash":"f39582483abdfb8ed782fc3b8a2d7fcb4dd1eadf"}
,"/Users/winnie/Documents/NewsAPI/src/components/SearchBar.js": {"path":"/Users/winnie/Documents/NewsAPI/src/components/SearchBar.js","statementMap":{"0":{"start":{"line":8,"column":4},"end":{"line":8,"column":17}},"1":{"start":{"line":9,"column":4},"end":{"line":12,"column":6}},"2":{"start":{"line":13,"column":4},"end":{"line":13,"column":53}},"3":{"start":{"line":17,"column":4},"end":{"line":17,"column":73}},"4":{"start":{"line":21,"column":19},"end":{"line":21,"column":37}},"5":{"start":{"line":22,"column":4},"end":{"line":32,"column":6}},"6":{"start":{"line":35,"column":0},"end":{"line":37,"column":2}}},"fnMap":{"0":{"name":"(anonymous_0)","decl":{"start":{"line":7,"column":2},"end":{"line":7,"column":3}},"loc":{"start":{"line":7,"column":21},"end":{"line":14,"column":3}},"line":7},"1":{"name":"(anonymous_1)","decl":{"start":{"line":16,"column":2},"end":{"line":16,"column":3}},"loc":{"start":{"line":16,"column":23},"end":{"line":18,"column":3}},"line":16},"2":{"name":"(anonymous_2)","decl":{"start":{"line":20,"column":2},"end":{"line":20,"column":3}},"loc":{"start":{"line":20,"column":11},"end":{"line":33,"column":3}},"line":20}},"branchMap":{},"s":{"0":1,"1":1,"2":1,"3":0,"4":1,"5":1,"6":3},"f":{"0":1,"1":0,"2":1},"b":{},"_coverageSchema":"332fd63041d2c1bcb487cc26dd0d5f7d97098a6c","hash":"211af564ae8387911574abc4587427ec0d38f677"}
}
