{"/Users/winnie/Documents/NewsAPI/src/components/Articles.js": {"path":"/Users/winnie/Documents/NewsAPI/src/components/Articles.js","statementMap":{"0":{"start":{"line":6,"column":4},"end":{"line":6,"column":17}},"1":{"start":{"line":7,"column":4},"end":{"line":10,"column":6}},"2":{"start":{"line":11,"column":4},"end":{"line":11,"column":57}},"3":{"start":{"line":12,"column":4},"end":{"line":12,"column":57}},"4":{"start":{"line":13,"column":4},"end":{"line":13,"column":60}},"5":{"start":{"line":14,"column":4},"end":{"line":14,"column":61}},"6":{"start":{"line":22,"column":4},"end":{"line":22,"column":69}},"7":{"start":{"line":26,"column":4},"end":{"line":26,"column":68}},"8":{"start":{"line":30,"column":15},"end":{"line":30,"column":23}},"9":{"start":{"line":31,"column":19},"end":{"line":31,"column":53}},"10":{"start":{"line":32,"column":21},"end":{"line":32,"column":58}},"11":{"start":{"line":33,"column":4},"end":{"line":37,"column":9}},"12":{"start":{"line":36,"column":8},"end":{"line":36,"column":60}},"13":{"start":{"line":41,"column":15},"end":{"line":41,"column":23}},"14":{"start":{"line":42,"column":19},"end":{"line":42,"column":53}},"15":{"start":{"line":43,"column":21},"end":{"line":43,"column":69}},"16":{"start":{"line":44,"column":4},"end":{"line":48,"column":9}},"17":{"start":{"line":47,"column":8},"end":{"line":47,"column":60}},"18":{"start":{"line":52,"column":15},"end":{"line":52,"column":23}},"19":{"start":{"line":53,"column":19},"end":{"line":53,"column":53}},"20":{"start":{"line":54,"column":21},"end":{"line":54,"column":72}},"21":{"start":{"line":55,"column":4},"end":{"line":59,"column":9}},"22":{"start":{"line":58,"column":8},"end":{"line":58,"column":60}},"23":{"start":{"line":63,"column":15},"end":{"line":63,"column":23}},"24":{"start":{"line":64,"column":19},"end":{"line":64,"column":53}},"25":{"start":{"line":65,"column":21},"end":{"line":65,"column":73}},"26":{"start":{"line":66,"column":4},"end":{"line":70,"column":9}},"27":{"start":{"line":69,"column":8},"end":{"line":69,"column":60}},"28":{"start":{"line":75,"column":21},"end":{"line":75,"column":40}},"29":{"start":{"line":76,"column":4},"end":{"line":94,"column":6}},"30":{"start":{"line":79,"column":10},"end":{"line":91,"column":16}},"31":{"start":{"line":97,"column":0},"end":{"line":99,"column":2}}},"fnMap":{"0":{"name":"(anonymous_0)","decl":{"start":{"line":5,"column":2},"end":{"line":5,"column":3}},"loc":{"start":{"line":5,"column":21},"end":{"line":15,"column":3}},"line":5},"1":{"name":"(anonymous_1)","decl":{"start":{"line":21,"column":2},"end":{"line":21,"column":3}},"loc":{"start":{"line":21,"column":22},"end":{"line":23,"column":3}},"line":21},"2":{"name":"(anonymous_2)","decl":{"start":{"line":25,"column":2},"end":{"line":25,"column":3}},"loc":{"start":{"line":25,"column":39},"end":{"line":27,"column":3}},"line":25},"3":{"name":"(anonymous_3)","decl":{"start":{"line":29,"column":2},"end":{"line":29,"column":3}},"loc":{"start":{"line":29,"column":32},"end":{"line":38,"column":3}},"line":29},"4":{"name":"(anonymous_4)","decl":{"start":{"line":35,"column":12},"end":{"line":35,"column":13}},"loc":{"start":{"line":35,"column":26},"end":{"line":37,"column":7}},"line":35},"5":{"name":"(anonymous_5)","decl":{"start":{"line":40,"column":2},"end":{"line":40,"column":3}},"loc":{"start":{"line":40,"column":32},"end":{"line":49,"column":3}},"line":40},"6":{"name":"(anonymous_6)","decl":{"start":{"line":46,"column":12},"end":{"line":46,"column":13}},"loc":{"start":{"line":46,"column":26},"end":{"line":48,"column":7}},"line":46},"7":{"name":"(anonymous_7)","decl":{"start":{"line":51,"column":2},"end":{"line":51,"column":3}},"loc":{"start":{"line":51,"column":35},"end":{"line":60,"column":3}},"line":51},"8":{"name":"(anonymous_8)","decl":{"start":{"line":57,"column":12},"end":{"line":57,"column":13}},"loc":{"start":{"line":57,"column":26},"end":{"line":59,"column":7}},"line":57},"9":{"name":"(anonymous_9)","decl":{"start":{"line":62,"column":2},"end":{"line":62,"column":3}},"loc":{"start":{"line":62,"column":36},"end":{"line":71,"column":3}},"line":62},"10":{"name":"(anonymous_10)","decl":{"start":{"line":68,"column":12},"end":{"line":68,"column":13}},"loc":{"start":{"line":68,"column":26},"end":{"line":70,"column":7}},"line":68},"11":{"name":"(anonymous_11)","decl":{"start":{"line":74,"column":2},"end":{"line":74,"column":3}},"loc":{"start":{"line":74,"column":11},"end":{"line":95,"column":3}},"line":74},"12":{"name":"(anonymous_12)","decl":{"start":{"line":78,"column":22},"end":{"line":78,"column":23}},"loc":{"start":{"line":79,"column":10},"end":{"line":91,"column":16}},"line":79}},"branchMap":{},"s":{"0":2,"1":2,"2":2,"3":2,"4":2,"5":2,"6":1,"7":0,"8":0,"9":0,"10":0,"11":0,"12":0,"13":0,"14":0,"15":0,"16":0,"17":0,"18":0,"19":0,"20":0,"21":0,"22":0,"23":0,"24":0,"25":0,"26":0,"27":0,"28":2,"29":2,"30":0,"31":1},"f":{"0":2,"1":1,"2":0,"3":0,"4":0,"5":0,"6":0,"7":0,"8":0,"9":0,"10":0,"11":2,"12":0},"b":{},"_coverageSchema":"332fd63041d2c1bcb487cc26dd0d5f7d97098a6c","hash":"f9785e8b571ce47588634953c40f67349f0cb2fa"}
}
