TN:
SF:/Users/winnie/Documents/NewsAPI/src/components/App.js
FN:9,(anonymous_0)
FN:17,(anonymous_1)
FN:26,(anonymous_2)
FN:32,(anonymous_3)
FN:38,(anonymous_4)
FNF:5
FNH:3
FNDA:2,(anonymous_0)
FNDA:0,(anonymous_1)
FNDA:1,(anonymous_2)
FNDA:0,(anonymous_3)
FNDA:1,(anonymous_4)
DA:10,2
DA:11,2
DA:15,2
DA:18,0
DA:27,1
DA:28,1
DA:29,1
DA:30,1
DA:33,0
DA:34,0
DA:39,1
DA:49,1
LF:12
LH:9
BRF:0
BRH:0
end_of_record
TN:
SF:/Users/winnie/Documents/NewsAPI/src/components/Articles.js
FN:5,(anonymous_0)
FN:18,(anonymous_1)
FN:22,(anonymous_2)
FN:26,(anonymous_3)
FN:32,(anonymous_4)
FN:38,(anonymous_5)
FN:46,(anonymous_6)
FNF:7
FNH:6
FNDA:3,(anonymous_0)
FNDA:2,(anonymous_1)
FNDA:1,(anonymous_2)
FNDA:3,(anonymous_3)
FNDA:0,(anonymous_4)
FNDA:5,(anonymous_5)
FNDA:2,(anonymous_6)
DA:6,3
DA:7,3
DA:11,3
DA:19,2
DA:23,1
DA:27,3
DA:28,3
DA:29,3
DA:30,3
DA:33,0
DA:39,5
DA:41,5
DA:47,2
DA:65,1
LF:14
LH:13
BRDA:43,0,0,5
BRDA:43,0,1,5
BRDA:44,1,0,5
BRDA:44,1,1,0
BRDA:45,2,0,5
BRDA:45,2,1,0
BRF:6
BRH:4
end_of_record
TN:
SF:/Users/winnie/Documents/NewsAPI/src/components/Footer.js
FN:3,(anonymous_0)
FNF:1
FNH:1
FNDA:1,(anonymous_0)
DA:3,2
DA:4,1
LF:2
LH:2
BRF:0
BRH:0
end_of_record
TN:
SF:/Users/winnie/Documents/NewsAPI/src/components/Header.js
FN:4,(anonymous_0)
FNF:1
FNH:1
FNDA:1,(anonymous_0)
DA:5,1
LF:1
LH:1
BRF:0
BRH:0
end_of_record
TN:
SF:/Users/winnie/Documents/NewsAPI/src/components/Login.js
FN:5,(anonymous_0)
FNF:1
FNH:1
FNDA:1,(anonymous_0)
DA:6,1
LF:1
LH:1
BRF:0
BRH:0
end_of_record
TN:
SF:/Users/winnie/Documents/NewsAPI/src/components/NavBar.js
FN:9,(anonymous_0)
FN:23,(anonymous_1)
FN:38,(anonymous_2)
FN:52,(anonymous_3)
FN:54,(anonymous_4)
FN:55,(anonymous_5)
FN:69,(anonymous_6)
FN:75,(anonymous_7)
FN:78,(anonymous_8)
FN:82,(anonymous_9)
FNF:10
FNH:4
FNDA:1,(anonymous_0)
FNDA:1,(anonymous_1)
FNDA:1,(anonymous_2)
FNDA:0,(anonymous_3)
FNDA:0,(anonymous_4)
FNDA:0,(anonymous_5)
FNDA:1,(anonymous_6)
FNDA:0,(anonymous_7)
FNDA:0,(anonymous_8)
FNDA:0,(anonymous_9)
DA:6,2
DA:10,1
DA:11,1
DA:14,1
DA:15,1
DA:16,1
DA:24,1
DA:25,1
DA:26,0
DA:27,0
DA:30,1
DA:39,1
DA:40,0
DA:41,0
DA:42,0
DA:45,1
DA:53,0
DA:54,0
DA:55,0
DA:56,0
DA:57,0
DA:61,0
DA:62,0
DA:70,1
DA:71,1
DA:72,1
DA:73,1
DA:74,1
DA:75,1
DA:76,1
DA:79,0
DA:83,0
DA:94,2
LF:33
LH:19
BRDA:26,0,0,0
BRDA:26,0,1,0
BRDA:40,1,0,0
BRDA:40,1,1,0
BRDA:56,2,0,0
BRDA:56,2,1,0
BRF:6
BRH:0
end_of_record
TN:
SF:/Users/winnie/Documents/NewsAPI/src/components/SearchBar.js
FN:7,(anonymous_0)
FN:16,(anonymous_1)
FN:20,(anonymous_2)
FNF:3
FNH:2
FNDA:1,(anonymous_0)
FNDA:0,(anonymous_1)
FNDA:1,(anonymous_2)
DA:8,1
DA:9,1
DA:13,1
DA:17,0
DA:21,1
DA:22,1
DA:35,3
LF:7
LH:6
BRF:0
BRH:0
end_of_record
