TN:
SF:/Users/winnie/Documents/NewsAPI/src/components/Api.js
FN:8,(anonymous_0)
FN:19,(anonymous_1)
FN:28,(anonymous_2)
FN:34,(anonymous_3)
FN:41,(anonymous_4)
FN:56,(anonymous_5)
FN:70,(anonymous_6)
FN:72,(anonymous_7)
FN:73,(anonymous_8)
FN:83,(anonymous_9)
FN:85,(anonymous_10)
FN:86,(anonymous_11)
FN:99,(anonymous_12)
FN:104,(anonymous_13)
FN:110,(anonymous_14)
FN:115,(anonymous_15)
FNF:16
FNH:4
FNDA:2,(anonymous_0)
FNDA:0,(anonymous_1)
FNDA:0,(anonymous_2)
FNDA:0,(anonymous_3)
FNDA:2,(anonymous_4)
FNDA:2,(anonymous_5)
FNDA:0,(anonymous_6)
FNDA:0,(anonymous_7)
FNDA:0,(anonymous_8)
FNDA:0,(anonymous_9)
FNDA:0,(anonymous_10)
FNDA:0,(anonymous_11)
FNDA:2,(anonymous_12)
FNDA:0,(anonymous_13)
FNDA:0,(anonymous_14)
FNDA:0,(anonymous_15)
DA:9,2
DA:10,2
DA:13,2
DA:14,2
DA:15,2
DA:16,2
DA:17,2
DA:20,0
DA:29,0
DA:30,0
DA:31,0
DA:32,0
DA:34,0
DA:42,2
DA:43,2
DA:44,0
DA:45,0
DA:48,2
DA:57,2
DA:58,0
DA:59,0
DA:60,0
DA:63,2
DA:71,0
DA:72,0
DA:73,0
DA:74,0
DA:75,0
DA:79,0
DA:84,0
DA:85,0
DA:86,0
DA:87,0
DA:88,0
DA:92,0
DA:100,2
DA:101,2
DA:102,2
DA:103,2
DA:104,2
DA:105,0
DA:107,2
DA:111,0
DA:116,0
LF:44
LH:18
BRDA:44,0,0,0
BRDA:44,0,1,0
BRDA:58,1,0,0
BRDA:58,1,1,0
BRDA:74,2,0,0
BRDA:74,2,1,0
BRDA:87,3,0,0
BRDA:87,3,1,0
BRF:8
BRH:0
end_of_record
TN:
SF:/Users/winnie/Documents/NewsAPI/src/components/login.js
FN:5,(anonymous_0)
FN:10,(anonymous_1)
FNF:2
FNH:2
FNDA:1,(anonymous_0)
FNDA:1,(anonymous_1)
DA:6,1
DA:7,1
DA:11,1
LF:3
LH:3
BRF:0
BRH:0
end_of_record
